<?xml version="1.0" encoding="UTF-8"?>
<testsuite xmlns:xsi="http://www.w3.org/2001/XMLSchema-instance" xsi:noNamespaceSchemaLocation="https://maven.apache.org/surefire/maven-surefire-plugin/xsd/surefire-test-report.xsd" version="3.0.2" name="com.testcase.test_case_management_system.TestCaseManagementSystemApplicationTests" time="2.46" tests="1" errors="0" skipped="0" failures="0">
  <properties>
    <property name="java.specification.version" value="21"/>
    <property name="sun.jnu.encoding" value="UTF-8"/>
    <property name="java.class.path" value="/media/mohit/Projects/Company_Project/Test Case Management System/target/test-classes:/media/mohit/Projects/Company_Project/Test Case Management System/target/classes:/home/mohit/.m2/repository/org/springframework/boot/spring-boot-starter-data-mongodb/3.4.3/spring-boot-starter-data-mongodb-3.4.3.jar:/home/mohit/.m2/repository/org/springframework/boot/spring-boot-starter/3.4.3/spring-boot-starter-3.4.3.jar:/home/mohit/.m2/repository/org/springframework/boot/spring-boot-starter-logging/3.4.3/spring-boot-starter-logging-3.4.3.jar:/home/mohit/.m2/repository/ch/qos/logback/logback-classic/1.5.16/logback-classic-1.5.16.jar:/home/mohit/.m2/repository/ch/qos/logback/logback-core/1.5.16/logback-core-1.5.16.jar:/home/mohit/.m2/repository/org/apache/logging/log4j/log4j-to-slf4j/2.24.3/log4j-to-slf4j-2.24.3.jar:/home/mohit/.m2/repository/org/apache/logging/log4j/log4j-api/2.24.3/log4j-api-2.24.3.jar:/home/mohit/.m2/repository/org/slf4j/jul-to-slf4j/2.0.16/jul-to-slf4j-2.0.16.jar:/home/mohit/.m2/repository/jakarta/annotation/jakarta.annotation-api/2.1.1/jakarta.annotation-api-2.1.1.jar:/home/mohit/.m2/repository/org/yaml/snakeyaml/2.3/snakeyaml-2.3.jar:/home/mohit/.m2/repository/org/mongodb/mongodb-driver-sync/5.2.1/mongodb-driver-sync-5.2.1.jar:/home/mohit/.m2/repository/org/mongodb/bson/5.2.1/bson-5.2.1.jar:/home/mohit/.m2/repository/org/mongodb/mongodb-driver-core/5.2.1/mongodb-driver-core-5.2.1.jar:/home/mohit/.m2/repository/org/mongodb/bson-record-codec/5.2.1/bson-record-codec-5.2.1.jar:/home/mohit/.m2/repository/org/springframework/data/spring-data-mongodb/4.4.3/spring-data-mongodb-4.4.3.jar:/home/mohit/.m2/repository/org/springframework/spring-tx/6.2.3/spring-tx-6.2.3.jar:/home/mohit/.m2/repository/org/springframework/spring-context/6.2.3/spring-context-6.2.3.jar:/home/mohit/.m2/repository/org/springframework/spring-beans/6.2.3/spring-beans-6.2.3.jar:/home/mohit/.m2/repository/org/springframework/spring-expression/6.2.3/spring-expression-6.2.3.jar:/home/mohit/.m2/repository/org/springframework/data/spring-data-commons/3.4.3/spring-data-commons-3.4.3.jar:/home/mohit/.m2/repository/org/slf4j/slf4j-api/2.0.16/slf4j-api-2.0.16.jar:/home/mohit/.m2/repository/org/springframework/boot/spring-boot-starter-validation/3.4.3/spring-boot-starter-validation-3.4.3.jar:/home/mohit/.m2/repository/org/apache/tomcat/embed/tomcat-embed-el/10.1.36/tomcat-embed-el-10.1.36.jar:/home/mohit/.m2/repository/org/hibernate/validator/hibernate-validator/8.0.2.Final/hibernate-validator-8.0.2.Final.jar:/home/mohit/.m2/repository/jakarta/validation/jakarta.validation-api/3.0.2/jakarta.validation-api-3.0.2.jar:/home/mohit/.m2/repository/org/jboss/logging/jboss-logging/3.6.1.Final/jboss-logging-3.6.1.Final.jar:/home/mohit/.m2/repository/com/fasterxml/classmate/1.7.0/classmate-1.7.0.jar:/home/mohit/.m2/repository/org/springframework/boot/spring-boot-starter-web/3.4.3/spring-boot-starter-web-3.4.3.jar:/home/mohit/.m2/repository/org/springframework/boot/spring-boot-starter-json/3.4.3/spring-boot-starter-json-3.4.3.jar:/home/mohit/.m2/repository/com/fasterxml/jackson/core/jackson-databind/2.18.2/jackson-databind-2.18.2.jar:/home/mohit/.m2/repository/com/fasterxml/jackson/core/jackson-annotations/2.18.2/jackson-annotations-2.18.2.jar:/home/mohit/.m2/repository/com/fasterxml/jackson/core/jackson-core/2.18.2/jackson-core-2.18.2.jar:/home/mohit/.m2/repository/com/fasterxml/jackson/datatype/jackson-datatype-jdk8/2.18.2/jackson-datatype-jdk8-2.18.2.jar:/home/mohit/.m2/repository/com/fasterxml/jackson/datatype/jackson-datatype-jsr310/2.18.2/jackson-datatype-jsr310-2.18.2.jar:/home/mohit/.m2/repository/com/fasterxml/jackson/module/jackson-module-parameter-names/2.18.2/jackson-module-parameter-names-2.18.2.jar:/home/mohit/.m2/repository/org/springframework/boot/spring-boot-starter-tomcat/3.4.3/spring-boot-starter-tomcat-3.4.3.jar:/home/mohit/.m2/repository/org/apache/tomcat/embed/tomcat-embed-core/10.1.36/tomcat-embed-core-10.1.36.jar:/home/mohit/.m2/repository/org/apache/tomcat/embed/tomcat-embed-websocket/10.1.36/tomcat-embed-websocket-10.1.36.jar:/home/mohit/.m2/repository/org/springframework/spring-web/6.2.3/spring-web-6.2.3.jar:/home/mohit/.m2/repository/io/micrometer/micrometer-observation/1.14.4/micrometer-observation-1.14.4.jar:/home/mohit/.m2/repository/io/micrometer/micrometer-commons/1.14.4/micrometer-commons-1.14.4.jar:/home/mohit/.m2/repository/org/springframework/spring-webmvc/6.2.3/spring-webmvc-6.2.3.jar:/home/mohit/.m2/repository/org/springframework/spring-aop/6.2.3/spring-aop-6.2.3.jar:/home/mohit/.m2/repository/org/modelmapper/modelmapper/3.2.2/modelmapper-3.2.2.jar:/home/mohit/.m2/repository/org/springdoc/springdoc-openapi-starter-webmvc-ui/2.8.5/springdoc-openapi-starter-webmvc-ui-2.8.5.jar:/home/mohit/.m2/repository/org/springdoc/springdoc-openapi-starter-webmvc-api/2.8.5/springdoc-openapi-starter-webmvc-api-2.8.5.jar:/home/mohit/.m2/repository/org/springdoc/springdoc-openapi-starter-common/2.8.5/springdoc-openapi-starter-common-2.8.5.jar:/home/mohit/.m2/repository/io/swagger/core/v3/swagger-core-jakarta/2.2.28/swagger-core-jakarta-2.2.28.jar:/home/mohit/.m2/repository/org/apache/commons/commons-lang3/3.17.0/commons-lang3-3.17.0.jar:/home/mohit/.m2/repository/io/swagger/core/v3/swagger-annotations-jakarta/2.2.28/swagger-annotations-jakarta-2.2.28.jar:/home/mohit/.m2/repository/io/swagger/core/v3/swagger-models-jakarta/2.2.28/swagger-models-jakarta-2.2.28.jar:/home/mohit/.m2/repository/com/fasterxml/jackson/dataformat/jackson-dataformat-yaml/2.18.2/jackson-dataformat-yaml-2.18.2.jar:/home/mohit/.m2/repository/org/webjars/swagger-ui/5.18.3/swagger-ui-5.18.3.jar:/home/mohit/.m2/repository/org/webjars/webjars-locator-lite/1.0.1/webjars-locator-lite-1.0.1.jar:/home/mohit/.m2/repository/org/jspecify/jspecify/1.0.0/jspecify-1.0.0.jar:/home/mohit/.m2/repository/org/springframework/boot/spring-boot-devtools/3.4.3/spring-boot-devtools-3.4.3.jar:/home/mohit/.m2/repository/org/springframework/boot/spring-boot/3.4.3/spring-boot-3.4.3.jar:/home/mohit/.m2/repository/org/springframework/boot/spring-boot-autoconfigure/3.4.3/spring-boot-autoconfigure-3.4.3.jar:/home/mohit/.m2/repository/org/springframework/boot/spring-boot-starter-test/3.4.3/spring-boot-starter-test-3.4.3.jar:/home/mohit/.m2/repository/org/springframework/boot/spring-boot-test/3.4.3/spring-boot-test-3.4.3.jar:/home/mohit/.m2/repository/org/springframework/boot/spring-boot-test-autoconfigure/3.4.3/spring-boot-test-autoconfigure-3.4.3.jar:/home/mohit/.m2/repository/com/jayway/jsonpath/json-path/2.9.0/json-path-2.9.0.jar:/home/mohit/.m2/repository/jakarta/xml/bind/jakarta.xml.bind-api/4.0.2/jakarta.xml.bind-api-4.0.2.jar:/home/mohit/.m2/repository/jakarta/activation/jakarta.activation-api/2.1.3/jakarta.activation-api-2.1.3.jar:/home/mohit/.m2/repository/net/minidev/json-smart/2.5.2/json-smart-2.5.2.jar:/home/mohit/.m2/repository/net/minidev/accessors-smart/2.5.2/accessors-smart-2.5.2.jar:/home/mohit/.m2/repository/org/ow2/asm/asm/9.7.1/asm-9.7.1.jar:/home/mohit/.m2/repository/org/assertj/assertj-core/3.26.3/assertj-core-3.26.3.jar:/home/mohit/.m2/repository/net/bytebuddy/byte-buddy/1.15.11/byte-buddy-1.15.11.jar:/home/mohit/.m2/repository/org/awaitility/awaitility/4.2.2/awaitility-4.2.2.jar:/home/mohit/.m2/repository/org/hamcrest/hamcrest/2.2/hamcrest-2.2.jar:/home/mohit/.m2/repository/org/junit/jupiter/junit-jupiter/5.11.4/junit-jupiter-5.11.4.jar:/home/mohit/.m2/repository/org/junit/jupiter/junit-jupiter-api/5.11.4/junit-jupiter-api-5.11.4.jar:/home/mohit/.m2/repository/org/opentest4j/opentest4j/1.3.0/opentest4j-1.3.0.jar:/home/mohit/.m2/repository/org/junit/platform/junit-platform-commons/1.11.4/junit-platform-commons-1.11.4.jar:/home/mohit/.m2/repository/org/apiguardian/apiguardian-api/1.1.2/apiguardian-api-1.1.2.jar:/home/mohit/.m2/repository/org/junit/jupiter/junit-jupiter-params/5.11.4/junit-jupiter-params-5.11.4.jar:/home/mohit/.m2/repository/org/junit/jupiter/junit-jupiter-engine/5.11.4/junit-jupiter-engine-5.11.4.jar:/home/mohit/.m2/repository/org/junit/platform/junit-platform-engine/1.11.4/junit-platform-engine-1.11.4.jar:/home/mohit/.m2/repository/org/mockito/mockito-core/5.14.2/mockito-core-5.14.2.jar:/home/mohit/.m2/repository/net/bytebuddy/byte-buddy-agent/1.15.11/byte-buddy-agent-1.15.11.jar:/home/mohit/.m2/repository/org/objenesis/objenesis/3.3/objenesis-3.3.jar:/home/mohit/.m2/repository/org/mockito/mockito-junit-jupiter/5.14.2/mockito-junit-jupiter-5.14.2.jar:/home/mohit/.m2/repository/org/skyscreamer/jsonassert/1.5.3/jsonassert-1.5.3.jar:/home/mohit/.m2/repository/com/vaadin/external/google/android-json/0.0.20131108.vaadin1/android-json-0.0.20131108.vaadin1.jar:/home/mohit/.m2/repository/org/springframework/spring-core/6.2.3/spring-core-6.2.3.jar:/home/mohit/.m2/repository/org/springframework/spring-jcl/6.2.3/spring-jcl-6.2.3.jar:/home/mohit/.m2/repository/org/springframework/spring-test/6.2.3/spring-test-6.2.3.jar:/home/mohit/.m2/repository/org/xmlunit/xmlunit-core/2.10.0/xmlunit-core-2.10.0.jar:"/>
    <property name="java.vm.vendor" value="Ubuntu"/>
    <property name="sun.arch.data.model" value="64"/>
    <property name="java.vendor.url" value="https://ubuntu.com/"/>
    <property name="user.timezone" value="Asia/Kolkata"/>
    <property name="org.jboss.logging.provider" value="slf4j"/>
    <property name="os.name" value="Linux"/>
    <property name="java.vm.specification.version" value="21"/>
    <property name="APPLICATION_NAME" value="Test Case Management System"/>
    <property name="user.country" value="US"/>
    <property name="sun.java.launcher" value="SUN_STANDARD"/>
    <property name="sun.boot.library.path" value="/usr/lib/jvm/java-21-openjdk-amd64/lib"/>
    <property name="sun.java.command" value="/media/mohit/Projects/Company_Project/Test Case Management System/target/surefire/surefirebooter-20250323171308571_3.jar /media/mohit/Projects/Company_Project/Test Case Management System/target/surefire 2025-03-23T17-13-08_495-jvmRun1 surefire-20250323171308571_1tmp surefire_0-20250323171308571_2tmp"/>
    <property name="jdk.debug" value="release"/>
    <property name="surefire.test.class.path" value="/media/mohit/Projects/Company_Project/Test Case Management System/target/test-classes:/media/mohit/Projects/Company_Project/Test Case Management System/target/classes:/home/mohit/.m2/repository/org/springframework/boot/spring-boot-starter-data-mongodb/3.4.3/spring-boot-starter-data-mongodb-3.4.3.jar:/home/mohit/.m2/repository/org/springframework/boot/spring-boot-starter/3.4.3/spring-boot-starter-3.4.3.jar:/home/mohit/.m2/repository/org/springframework/boot/spring-boot-starter-logging/3.4.3/spring-boot-starter-logging-3.4.3.jar:/home/mohit/.m2/repository/ch/qos/logback/logback-classic/1.5.16/logback-classic-1.5.16.jar:/home/mohit/.m2/repository/ch/qos/logback/logback-core/1.5.16/logback-core-1.5.16.jar:/home/mohit/.m2/repository/org/apache/logging/log4j/log4j-to-slf4j/2.24.3/log4j-to-slf4j-2.24.3.jar:/home/mohit/.m2/repository/org/apache/logging/log4j/log4j-api/2.24.3/log4j-api-2.24.3.jar:/home/mohit/.m2/repository/org/slf4j/jul-to-slf4j/2.0.16/jul-to-slf4j-2.0.16.jar:/home/mohit/.m2/repository/jakarta/annotation/jakarta.annotation-api/2.1.1/jakarta.annotation-api-2.1.1.jar:/home/mohit/.m2/repository/org/yaml/snakeyaml/2.3/snakeyaml-2.3.jar:/home/mohit/.m2/repository/org/mongodb/mongodb-driver-sync/5.2.1/mongodb-driver-sync-5.2.1.jar:/home/mohit/.m2/repository/org/mongodb/bson/5.2.1/bson-5.2.1.jar:/home/mohit/.m2/repository/org/mongodb/mongodb-driver-core/5.2.1/mongodb-driver-core-5.2.1.jar:/home/mohit/.m2/repository/org/mongodb/bson-record-codec/5.2.1/bson-record-codec-5.2.1.jar:/home/mohit/.m2/repository/org/springframework/data/spring-data-mongodb/4.4.3/spring-data-mongodb-4.4.3.jar:/home/mohit/.m2/repository/org/springframework/spring-tx/6.2.3/spring-tx-6.2.3.jar:/home/mohit/.m2/repository/org/springframework/spring-context/6.2.3/spring-context-6.2.3.jar:/home/mohit/.m2/repository/org/springframework/spring-beans/6.2.3/spring-beans-6.2.3.jar:/home/mohit/.m2/repository/org/springframework/spring-expression/6.2.3/spring-expression-6.2.3.jar:/home/mohit/.m2/repository/org/springframework/data/spring-data-commons/3.4.3/spring-data-commons-3.4.3.jar:/home/mohit/.m2/repository/org/slf4j/slf4j-api/2.0.16/slf4j-api-2.0.16.jar:/home/mohit/.m2/repository/org/springframework/boot/spring-boot-starter-validation/3.4.3/spring-boot-starter-validation-3.4.3.jar:/home/mohit/.m2/repository/org/apache/tomcat/embed/tomcat-embed-el/10.1.36/tomcat-embed-el-10.1.36.jar:/home/mohit/.m2/repository/org/hibernate/validator/hibernate-validator/8.0.2.Final/hibernate-validator-8.0.2.Final.jar:/home/mohit/.m2/repository/jakarta/validation/jakarta.validation-api/3.0.2/jakarta.validation-api-3.0.2.jar:/home/mohit/.m2/repository/org/jboss/logging/jboss-logging/3.6.1.Final/jboss-logging-3.6.1.Final.jar:/home/mohit/.m2/repository/com/fasterxml/classmate/1.7.0/classmate-1.7.0.jar:/home/mohit/.m2/repository/org/springframework/boot/spring-boot-starter-web/3.4.3/spring-boot-starter-web-3.4.3.jar:/home/mohit/.m2/repository/org/springframework/boot/spring-boot-starter-json/3.4.3/spring-boot-starter-json-3.4.3.jar:/home/mohit/.m2/repository/com/fasterxml/jackson/core/jackson-databind/2.18.2/jackson-databind-2.18.2.jar:/home/mohit/.m2/repository/com/fasterxml/jackson/core/jackson-annotations/2.18.2/jackson-annotations-2.18.2.jar:/home/mohit/.m2/repository/com/fasterxml/jackson/core/jackson-core/2.18.2/jackson-core-2.18.2.jar:/home/mohit/.m2/repository/com/fasterxml/jackson/datatype/jackson-datatype-jdk8/2.18.2/jackson-datatype-jdk8-2.18.2.jar:/home/mohit/.m2/repository/com/fasterxml/jackson/datatype/jackson-datatype-jsr310/2.18.2/jackson-datatype-jsr310-2.18.2.jar:/home/mohit/.m2/repository/com/fasterxml/jackson/module/jackson-module-parameter-names/2.18.2/jackson-module-parameter-names-2.18.2.jar:/home/mohit/.m2/repository/org/springframework/boot/spring-boot-starter-tomcat/3.4.3/spring-boot-starter-tomcat-3.4.3.jar:/home/mohit/.m2/repository/org/apache/tomcat/embed/tomcat-embed-core/10.1.36/tomcat-embed-core-10.1.36.jar:/home/mohit/.m2/repository/org/apache/tomcat/embed/tomcat-embed-websocket/10.1.36/tomcat-embed-websocket-10.1.36.jar:/home/mohit/.m2/repository/org/springframework/spring-web/6.2.3/spring-web-6.2.3.jar:/home/mohit/.m2/repository/io/micrometer/micrometer-observation/1.14.4/micrometer-observation-1.14.4.jar:/home/mohit/.m2/repository/io/micrometer/micrometer-commons/1.14.4/micrometer-commons-1.14.4.jar:/home/mohit/.m2/repository/org/springframework/spring-webmvc/6.2.3/spring-webmvc-6.2.3.jar:/home/mohit/.m2/repository/org/springframework/spring-aop/6.2.3/spring-aop-6.2.3.jar:/home/mohit/.m2/repository/org/modelmapper/modelmapper/3.2.2/modelmapper-3.2.2.jar:/home/mohit/.m2/repository/org/springdoc/springdoc-openapi-starter-webmvc-ui/2.8.5/springdoc-openapi-starter-webmvc-ui-2.8.5.jar:/home/mohit/.m2/repository/org/springdoc/springdoc-openapi-starter-webmvc-api/2.8.5/springdoc-openapi-starter-webmvc-api-2.8.5.jar:/home/mohit/.m2/repository/org/springdoc/springdoc-openapi-starter-common/2.8.5/springdoc-openapi-starter-common-2.8.5.jar:/home/mohit/.m2/repository/io/swagger/core/v3/swagger-core-jakarta/2.2.28/swagger-core-jakarta-2.2.28.jar:/home/mohit/.m2/repository/org/apache/commons/commons-lang3/3.17.0/commons-lang3-3.17.0.jar:/home/mohit/.m2/repository/io/swagger/core/v3/swagger-annotations-jakarta/2.2.28/swagger-annotations-jakarta-2.2.28.jar:/home/mohit/.m2/repository/io/swagger/core/v3/swagger-models-jakarta/2.2.28/swagger-models-jakarta-2.2.28.jar:/home/mohit/.m2/repository/com/fasterxml/jackson/dataformat/jackson-dataformat-yaml/2.18.2/jackson-dataformat-yaml-2.18.2.jar:/home/mohit/.m2/repository/org/webjars/swagger-ui/5.18.3/swagger-ui-5.18.3.jar:/home/mohit/.m2/repository/org/webjars/webjars-locator-lite/1.0.1/webjars-locator-lite-1.0.1.jar:/home/mohit/.m2/repository/org/jspecify/jspecify/1.0.0/jspecify-1.0.0.jar:/home/mohit/.m2/repository/org/springframework/boot/spring-boot-devtools/3.4.3/spring-boot-devtools-3.4.3.jar:/home/mohit/.m2/repository/org/springframework/boot/spring-boot/3.4.3/spring-boot-3.4.3.jar:/home/mohit/.m2/repository/org/springframework/boot/spring-boot-autoconfigure/3.4.3/spring-boot-autoconfigure-3.4.3.jar:/home/mohit/.m2/repository/org/springframework/boot/spring-boot-starter-test/3.4.3/spring-boot-starter-test-3.4.3.jar:/home/mohit/.m2/repository/org/springframework/boot/spring-boot-test/3.4.3/spring-boot-test-3.4.3.jar:/home/mohit/.m2/repository/org/springframework/boot/spring-boot-test-autoconfigure/3.4.3/spring-boot-test-autoconfigure-3.4.3.jar:/home/mohit/.m2/repository/com/jayway/jsonpath/json-path/2.9.0/json-path-2.9.0.jar:/home/mohit/.m2/repository/jakarta/xml/bind/jakarta.xml.bind-api/4.0.2/jakarta.xml.bind-api-4.0.2.jar:/home/mohit/.m2/repository/jakarta/activation/jakarta.activation-api/2.1.3/jakarta.activation-api-2.1.3.jar:/home/mohit/.m2/repository/net/minidev/json-smart/2.5.2/json-smart-2.5.2.jar:/home/mohit/.m2/repository/net/minidev/accessors-smart/2.5.2/accessors-smart-2.5.2.jar:/home/mohit/.m2/repository/org/ow2/asm/asm/9.7.1/asm-9.7.1.jar:/home/mohit/.m2/repository/org/assertj/assertj-core/3.26.3/assertj-core-3.26.3.jar:/home/mohit/.m2/repository/net/bytebuddy/byte-buddy/1.15.11/byte-buddy-1.15.11.jar:/home/mohit/.m2/repository/org/awaitility/awaitility/4.2.2/awaitility-4.2.2.jar:/home/mohit/.m2/repository/org/hamcrest/hamcrest/2.2/hamcrest-2.2.jar:/home/mohit/.m2/repository/org/junit/jupiter/junit-jupiter/5.11.4/junit-jupiter-5.11.4.jar:/home/mohit/.m2/repository/org/junit/jupiter/junit-jupiter-api/5.11.4/junit-jupiter-api-5.11.4.jar:/home/mohit/.m2/repository/org/opentest4j/opentest4j/1.3.0/opentest4j-1.3.0.jar:/home/mohit/.m2/repository/org/junit/platform/junit-platform-commons/1.11.4/junit-platform-commons-1.11.4.jar:/home/mohit/.m2/repository/org/apiguardian/apiguardian-api/1.1.2/apiguardian-api-1.1.2.jar:/home/mohit/.m2/repository/org/junit/jupiter/junit-jupiter-params/5.11.4/junit-jupiter-params-5.11.4.jar:/home/mohit/.m2/repository/org/junit/jupiter/junit-jupiter-engine/5.11.4/junit-jupiter-engine-5.11.4.jar:/home/mohit/.m2/repository/org/junit/platform/junit-platform-engine/1.11.4/junit-platform-engine-1.11.4.jar:/home/mohit/.m2/repository/org/mockito/mockito-core/5.14.2/mockito-core-5.14.2.jar:/home/mohit/.m2/repository/net/bytebuddy/byte-buddy-agent/1.15.11/byte-buddy-agent-1.15.11.jar:/home/mohit/.m2/repository/org/objenesis/objenesis/3.3/objenesis-3.3.jar:/home/mohit/.m2/repository/org/mockito/mockito-junit-jupiter/5.14.2/mockito-junit-jupiter-5.14.2.jar:/home/mohit/.m2/repository/org/skyscreamer/jsonassert/1.5.3/jsonassert-1.5.3.jar:/home/mohit/.m2/repository/com/vaadin/external/google/android-json/0.0.20131108.vaadin1/android-json-0.0.20131108.vaadin1.jar:/home/mohit/.m2/repository/org/springframework/spring-core/6.2.3/spring-core-6.2.3.jar:/home/mohit/.m2/repository/org/springframework/spring-jcl/6.2.3/spring-jcl-6.2.3.jar:/home/mohit/.m2/repository/org/springframework/spring-test/6.2.3/spring-test-6.2.3.jar:/home/mohit/.m2/repository/org/xmlunit/xmlunit-core/2.10.0/xmlunit-core-2.10.0.jar:"/>
    <property name="sun.cpu.endian" value="little"/>
    <property name="user.home" value="/home/mohit"/>
    <property name="user.language" value="en"/>
    <property name="java.specification.vendor" value="Oracle Corporation"/>
    <property name="java.version.date" value="2025-01-21"/>
    <property name="java.home" value="/usr/lib/jvm/java-21-openjdk-amd64"/>
    <property name="file.separator" value="/"/>
    <property name="basedir" value="/media/mohit/Projects/Company_Project/Test Case Management System"/>
    <property name="java.vm.compressedOopsMode" value="Zero based"/>
    <property name="line.separator" value="&#10;"/>
    <property name="java.vm.specification.vendor" value="Oracle Corporation"/>
    <property name="java.specification.name" value="Java Platform API Specification"/>
    <property name="FILE_LOG_CHARSET" value="UTF-8"/>
    <property name="java.awt.headless" value="true"/>
    <property name="surefire.real.class.path" value="/media/mohit/Projects/Company_Project/Test Case Management System/target/surefire/surefirebooter-20250323171308571_3.jar"/>
    <property name="sun.management.compiler" value="HotSpot 64-Bit Tiered Compilers"/>
    <property name="java.runtime.version" value="21.0.6+7-Ubuntu-124.04.1"/>
    <property name="user.name" value="mohit"/>
    <property name="stdout.encoding" value="UTF-8"/>
    <property name="path.separator" value=":"/>
    <property name="os.version" value="6.5.0-28-generic"/>
    <property name="java.runtime.name" value="OpenJDK Runtime Environment"/>
    <property name="file.encoding" value="UTF-8"/>
    <property name="java.vm.name" value="OpenJDK 64-Bit Server VM"/>
    <property name="LOG_FILE" value="logs/testCaseManagement.log"/>
    <property name="localRepository" value="/home/mohit/.m2/repository"/>
    <property name="java.vendor.url.bug" value="https://bugs.launchpad.net/ubuntu/+source/openjdk-21"/>
    <property name="java.io.tmpdir" value="/tmp"/>
    <property name="idea.version" value="2023.3.8"/>
    <property name="java.version" value="21.0.6"/>
    <property name="user.dir" value="/media/mohit/Projects/Company_Project/Test Case Management System"/>
    <property name="os.arch" value="amd64"/>
    <property name="java.vm.specification.name" value="Java Virtual Machine Specification"/>
    <property name="PID" value="32511"/>
    <property name="CONSOLE_LOG_CHARSET" value="UTF-8"/>
    <property name="native.encoding" value="UTF-8"/>
    <property name="java.library.path" value="/usr/java/packages/lib:/usr/lib/x86_64-linux-gnu/jni:/lib/x86_64-linux-gnu:/usr/lib/x86_64-linux-gnu:/usr/lib/jni:/lib:/usr/lib"/>
    <property name="java.vm.info" value="mixed mode, sharing"/>
    <property name="stderr.encoding" value="UTF-8"/>
    <property name="java.vendor" value="Ubuntu"/>
    <property name="java.vm.version" value="21.0.6+7-Ubuntu-124.04.1"/>
    <property name="sun.io.unicode.encoding" value="UnicodeLittle"/>
    <property name="java.class.version" value="65.0"/>
    <property name="LOGGED_APPLICATION_NAME" value="[Test Case Management System] "/>
  </properties>
  <testcase name="contextLoads" classname="com.testcase.test_case_management_system.TestCaseManagementSystemApplicationTests" time="0.52">
    <system-out><![CDATA[17:13:09.085 [main] INFO org.springframework.test.context.support.AnnotationConfigContextLoaderUtils -- Could not detect default configuration classes for test class [com.testcase.test_case_management_system.TestCaseManagementSystemApplicationTests]: TestCaseManagementSystemApplicationTests does not declare any static, non-private, non-final, nested classes annotated with @Configuration.
17:13:09.157 [main] INFO org.springframework.boot.test.context.SpringBootTestContextBootstrapper -- Found @SpringBootConfiguration com.testcase.test_case_management_system.TestCaseManagementSystemApplication for test class com.testcase.test_case_management_system.TestCaseManagementSystemApplicationTests
17:13:09.254 [main] INFO org.springframework.boot.devtools.restart.RestartApplicationListener -- Restart disabled due to context in which it is running
17:13:09,011 |-INFO in ch.qos.logback.classic.LoggerContext[default] - This is logback-classic version 1.5.16
17:13:09,012 |-INFO in ch.qos.logback.classic.util.ContextInitializer@5bb8f9e2 - Here is a list of configurators discovered as a service, by rank: 
17:13:09,012 |-INFO in ch.qos.logback.classic.util.ContextInitializer@5bb8f9e2 -   org.springframework.boot.logging.logback.RootLogLevelConfigurator
17:13:09,012 |-INFO in ch.qos.logback.classic.util.ContextInitializer@5bb8f9e2 - They will be invoked in order until ExecutionStatus.DO_NOT_INVOKE_NEXT_IF_ANY is returned.
17:13:09,012 |-INFO in ch.qos.logback.classic.util.ContextInitializer@5bb8f9e2 - Constructed configurator of type class org.springframework.boot.logging.logback.RootLogLevelConfigurator
17:13:09,018 |-INFO in ch.qos.logback.classic.util.ContextInitializer@5bb8f9e2 - org.springframework.boot.logging.logback.RootLogLevelConfigurator.configure() call lasted 0 milliseconds. ExecutionStatus=INVOKE_NEXT_IF_ANY
17:13:09,018 |-INFO in ch.qos.logback.classic.util.ContextInitializer@5bb8f9e2 - Trying to configure with ch.qos.logback.classic.joran.SerializedModelConfigurator
17:13:09,019 |-INFO in ch.qos.logback.classic.util.ContextInitializer@5bb8f9e2 - Constructed configurator of type class ch.qos.logback.classic.joran.SerializedModelConfigurator
17:13:09,020 |-INFO in ch.qos.logback.classic.LoggerContext[default] - Could NOT find resource [logback-test.scmo]
17:13:09,020 |-INFO in ch.qos.logback.classic.LoggerContext[default] - Could NOT find resource [logback.scmo]
17:13:09,020 |-INFO in ch.qos.logback.classic.util.ContextInitializer@5bb8f9e2 - ch.qos.logback.classic.joran.SerializedModelConfigurator.configure() call lasted 1 milliseconds. ExecutionStatus=INVOKE_NEXT_IF_ANY
17:13:09,020 |-INFO in ch.qos.logback.classic.util.ContextInitializer@5bb8f9e2 - Trying to configure with ch.qos.logback.classic.util.DefaultJoranConfigurator
17:13:09,021 |-INFO in ch.qos.logback.classic.util.ContextInitializer@5bb8f9e2 - Constructed configurator of type class ch.qos.logback.classic.util.DefaultJoranConfigurator
17:13:09,021 |-INFO in ch.qos.logback.classic.LoggerContext[default] - Could NOT find resource [logback-test.xml]
17:13:09,021 |-INFO in ch.qos.logback.classic.LoggerContext[default] - Could NOT find resource [logback.xml]
17:13:09,021 |-INFO in ch.qos.logback.classic.util.ContextInitializer@5bb8f9e2 - ch.qos.logback.classic.util.DefaultJoranConfigurator.configure() call lasted 0 milliseconds. ExecutionStatus=INVOKE_NEXT_IF_ANY
17:13:09,021 |-INFO in ch.qos.logback.classic.util.ContextInitializer@5bb8f9e2 - Trying to configure with ch.qos.logback.classic.BasicConfigurator
17:13:09,022 |-INFO in ch.qos.logback.classic.util.ContextInitializer@5bb8f9e2 - Constructed configurator of type class ch.qos.logback.classic.BasicConfigurator
17:13:09,022 |-INFO in ch.qos.logback.classic.BasicConfigurator@6a933be2 - Setting up default configuration.
17:13:09,032 |-INFO in ch.qos.logback.core.ConsoleAppender[console] - BEWARE: Writing to the console can be very slow. Avoid logging to the 
17:13:09,032 |-INFO in ch.qos.logback.core.ConsoleAppender[console] - console in production environments, especially in high volume systems.
17:13:09,032 |-INFO in ch.qos.logback.core.ConsoleAppender[console] - See also https://logback.qos.ch/codes.html#slowConsole
17:13:09,032 |-INFO in ch.qos.logback.classic.util.ContextInitializer@5bb8f9e2 - ch.qos.logback.classic.BasicConfigurator.configure() call lasted 10 milliseconds. ExecutionStatus=NEUTRAL
17:13:09,423 |-WARN in ch.qos.logback.core.model.processor.AppenderModelHandler - Appender named [STDOUT] not referenced. Skipping further processing.
17:13:09,424 |-INFO in ch.qos.logback.core.model.processor.AppenderModelHandler - Processing appender named [FILE_SOUT]
17:13:09,424 |-INFO in ch.qos.logback.core.model.processor.AppenderModelHandler - About to instantiate appender of type [ch.qos.logback.core.rolling.RollingFileAppender]
17:13:09,438 |-INFO in c.q.l.core.rolling.TimeBasedRollingPolicy@1601756706 - No compression will be used
17:13:09,438 |-INFO in c.q.l.core.rolling.TimeBasedRollingPolicy@1601756706 - Will use the pattern logs/testCaseManagement-%d{yyyy-MM-dd}.log for the active file
17:13:09,454 |-INFO in c.q.l.core.rolling.DefaultTimeBasedFileNamingAndTriggeringPolicy - The date pattern is 'yyyy-MM-dd' from file name pattern 'logs/testCaseManagement-%d{yyyy-MM-dd}.log'.
17:13:09,454 |-INFO in c.q.l.core.rolling.DefaultTimeBasedFileNamingAndTriggeringPolicy - Roll-over at midnight.
17:13:09,459 |-INFO in c.q.l.core.rolling.DefaultTimeBasedFileNamingAndTriggeringPolicy - Setting initial period to 2025-03-23T11:39:40.708Z
17:13:09,460 |-INFO in ch.qos.logback.core.model.processor.ImplicitModelHandler - Assuming default type [ch.qos.logback.classic.encoder.PatternLayoutEncoder] for [encoder] property
17:13:09,475 |-INFO in ch.qos.logback.core.rolling.RollingFileAppender[FILE_SOUT] - Active log file name: logs/testCaseManagement.log
17:13:09,475 |-INFO in ch.qos.logback.core.rolling.RollingFileAppender[FILE_SOUT] - File property is set to [logs/testCaseManagement.log]
17:13:09,476 |-INFO in ch.qos.logback.classic.model.processor.RootLoggerModelHandler - Setting level of ROOT logger to TRACE
17:13:09,476 |-INFO in ch.qos.logback.classic.jul.LevelChangePropagator@516ebdf8 - Propagating TRACE level on Logger[ROOT] onto the JUL framework
17:13:09,477 |-WARN in ch.qos.logback.core.model.processor.ImplicitModelHandler - Ignoring unknown property [appender.ref] in [ch.qos.logback.classic.Logger]
17:13:09,478 |-INFO in ch.qos.logback.classic.model.processor.LoggerModelHandler - Setting level of logger [com.testcase] to TRACE
17:13:09,478 |-INFO in ch.qos.logback.classic.jul.LevelChangePropagator@516ebdf8 - Propagating TRACE level on Logger[com.testcase] onto the JUL framework
17:13:09,479 |-INFO in ch.qos.logback.classic.model.processor.LoggerModelHandler - Setting additivity of logger [com.testcase] to false
17:13:09,479 |-INFO in ch.qos.logback.core.model.processor.AppenderRefModelHandler - Attaching appender named [FILE_SOUT] to Logger[com.testcase]
17:13:09,479 |-INFO in ch.qos.logback.core.model.processor.DefaultProcessor@4d8539de - End of configuration.
17:13:09,480 |-INFO in org.springframework.boot.logging.logback.SpringBootJoranConfigurator@3eba57a7 - Registering current configuration as safe fallback point


  .   ____          _            __ _ _
 /\\ / ___'_ __ _ _(_)_ __  __ _ \ \ \ \
( ( )\___ | '_ | '_| | '_ \/ _` | \ \ \ \
 \\/  ___)| |_)| | | | | || (_| |  ) ) ) )
  '  |____| .__|_| |_|_| |_\__, | / / / /
 =========|_|==============|___/=/_/_/_/

 :: Spring Boot ::                (v3.4.3)

]]></system-out>
    <system-err><![CDATA[Mockito is currently self-attaching to enable the inline-mock-maker. This will no longer work in future releases of the JDK. Please add Mockito as an agent to your build what is described in Mockito's documentation: https://javadoc.io/doc/org.mockito/mockito-core/latest/org/mockito/Mockito.html#0.3
WARNING: A Java agent has been loaded dynamically (/home/mohit/.m2/repository/net/bytebuddy/byte-buddy-agent/1.15.11/byte-buddy-agent-1.15.11.jar)
WARNING: If a serviceability tool is in use, please run with -XX:+EnableDynamicAgentLoading to hide this warning
WARNING: If a serviceability tool is not in use, please run with -Djdk.instrument.traceUsage for more information
WARNING: Dynamic loading of agents will be disallowed by default in a future release
]]></system-err>
  </testcase>
</testsuite>